<?xml version="1.0" encoding="UTF-8"?>
<!-- Generated by org.testng.reporters.JUnitXMLReporter -->
<testsuite ignored="13" hostname="LAPTOP-GVEDGFBQ" failures="0" tests="1" name="Default test" time="7.821" errors="0" timestamp="2024-04-15T16:47:37 IST">
  <testcase classname="User_Test.Test_Cases" name="TC_014" time="3.052"/>
  <testcase classname="User_Test.Test_Cases" name="TC_008" time="0.0">
    <ignored/>
  </testcase> <!-- TC_008 -->
  <testcase classname="User_Test.Test_Cases" name="TC_009" time="0.0">
    <ignored/>
  </testcase> <!-- TC_009 -->
  <testcase classname="User_Test.Test_Cases" name="TC_006" time="0.0">
    <ignored/>
  </testcase> <!-- TC_006 -->
  <testcase classname="User_Test.Test_Cases" name="TC_007" time="0.0">
    <ignored/>
  </testcase> <!-- TC_007 -->
  <testcase classname="User_Test.Test_Cases" name="TC_011" time="0.0">
    <ignored/>
  </testcase> <!-- TC_011 -->
  <testcase classname="User_Test.Test_Cases" name="TC_012" time="0.0">
    <ignored/>
  </testcase> <!-- TC_012 -->
  <testcase classname="User_Test.Test_Cases" name="TC_001" time="0.0">
    <ignored/>
  </testcase> <!-- TC_001 -->
  <testcase classname="User_Test.Test_Cases" name="TC_010" time="0.0">
    <ignored/>
  </testcase> <!-- TC_010 -->
  <testcase classname="User_Test.Test_Cases" name="TC_004" time="0.0">
    <ignored/>
  </testcase> <!-- TC_004 -->
  <testcase classname="User_Test.Test_Cases" name="TC_005" time="0.0">
    <ignored/>
  </testcase> <!-- TC_005 -->
  <testcase classname="User_Test.Test_Cases" name="TC_013" time="0.0">
    <ignored/>
  </testcase> <!-- TC_013 -->
  <testcase classname="User_Test.Test_Cases" name="TC_002" time="0.0">
    <ignored/>
  </testcase> <!-- TC_002 -->
  <testcase classname="User_Test.Test_Cases" name="TC_003" time="0.0">
    <ignored/>
  </testcase> <!-- TC_003 -->
</testsuite> <!-- Default test -->
