<?xml version="1.0" encoding="UTF-8"?>
<testng-results ignored="0" total="1" passed="1" failed="0" skipped="0">
  <reporter-output>
  </reporter-output>
  <suite started-at="2024-04-15T16:47:29 IST" name="Default suite" finished-at="2024-04-15T16:47:37 IST" duration-ms="7821">
    <groups>
    </groups>
    <test started-at="2024-04-15T16:47:29 IST" name="Default test" finished-at="2024-04-15T16:47:37 IST" duration-ms="7821">
      <class name="User_Test.Test_Cases">
        <test-method is-config="true" signature="beforemethod()[pri:0, instance:User_Test.Test_Cases@543295b0]" started-at="2024-04-15T16:47:29 IST" name="beforemethod" finished-at="2024-04-15T16:47:34 IST" duration-ms="4458" status="PASS">
          <reporter-output>
          </reporter-output>
        </test-method> <!-- beforemethod -->
        <test-method signature="TC_014()[pri:0, instance:User_Test.Test_Cases@543295b0]" started-at="2024-04-15T16:47:34 IST" name="TC_014" finished-at="2024-04-15T16:47:37 IST" duration-ms="3052" status="PASS">
          <reporter-output>
          </reporter-output>
        </test-method> <!-- TC_014 -->
        <test-method is-config="true" signature="aftermethod()[pri:0, instance:User_Test.Test_Cases@543295b0]" started-at="2024-04-15T16:47:37 IST" name="aftermethod" finished-at="2024-04-15T16:47:37 IST" duration-ms="242" status="PASS">
          <reporter-output>
          </reporter-output>
        </test-method> <!-- aftermethod -->
      </class> <!-- User_Test.Test_Cases -->
    </test> <!-- Default test -->
  </suite> <!-- Default suite -->
</testng-results>
